<?xml version="1.0" encoding="UTF-8"?>
<!-- Generated by org.testng.reporters.JUnitReportReporter -->
<testsuite hostname="LAPTOP-FHVAAITT" failures="0" tests="1" name="com.trainer.scripts.LandingPageLoadTestClass" time="1.882" errors="0" timestamp="2022-03-05T08:41:49 IST" skipped="0">
  <testcase classname="com.trainer.scripts.LandingPageLoadTestClass" name="ableToClkLink" time="1.882"/>
  <system-out/>
</testsuite> <!-- com.trainer.scripts.LandingPageLoadTestClass -->
