<?xml version="1.0" encoding="UTF-8"?>
<!-- Generated by org.testng.reporters.JUnitReportReporter -->
<testsuite hostname="LAPTOP-FHVAAITT" failures="0" tests="1" name="com.trainer.scripts.AbleToClickAllocateLinkTestClass" time="8.692" errors="0" timestamp="2022-03-06T23:34:44 IST" skipped="0">
  <testcase classname="com.trainer.scripts.AbleToClickAllocateLinkTestClass" name="ableToClkLink" time="8.692"/>
  <system-out/>
</testsuite> <!-- com.trainer.scripts.AbleToClickAllocateLinkTestClass -->
