<?xml version="1.0" encoding="UTF-8"?>
<!-- Generated by org.testng.reporters.JUnitReportReporter -->
<testsuite hostname="LAPTOP-FHVAAITT" failures="0" tests="1" name="com.trainer.scripts.AbleToLogoutTestClass" time="21.178" errors="0" timestamp="2022-03-20T12:03:14 IST" skipped="0">
  <testcase classname="com.trainer.scripts.AbleToLogoutTestClass" name="logout" time="21.178"/>
  <system-out/>
</testsuite> <!-- com.trainer.scripts.AbleToLogoutTestClass -->
