<?xml version="1.0" encoding="UTF-8"?>
<!-- Generated by org.testng.reporters.JUnitReportReporter -->
<testsuite hostname="LAPTOP-FHVAAITT" failures="0" tests="1" name="com.trainer.scripts.ValidationEmailTestClass" time="15.677" errors="0" timestamp="2022-03-11T19:46:53 IST" skipped="0">
  <testcase classname="com.trainer.scripts.ValidationEmailTestClass" name="ableToSignUp" time="15.677"/>
  <system-out/>
</testsuite> <!-- com.trainer.scripts.ValidationEmailTestClass -->
