<?xml version="1.0" encoding="UTF-8"?>
<!-- Generated by org.testng.reporters.JUnitReportReporter -->
<testsuite hostname="LAPTOP-FHVAAITT" failures="0" tests="1" name="com.trainer.scripts.ValidationPasswordSameTestClass" time="31.814" errors="0" timestamp="2022-03-18T07:17:03 IST" skipped="0">
  <testcase classname="com.trainer.scripts.ValidationPasswordSameTestClass" name="ableToSignUp" time="31.814"/>
  <system-out/>
</testsuite> <!-- com.trainer.scripts.ValidationPasswordSameTestClass -->
