<?xml version="1.0" encoding="UTF-8"?>
<!-- Generated by org.testng.reporters.JUnitReportReporter -->
<testsuite hostname="LAPTOP-FHVAAITT" failures="0" tests="1" name="com.trainer.scripts.AdminInvalidLoginTestClass" time="10.225" errors="0" timestamp="2022-03-06T15:41:46 IST" skipped="0">
  <testcase classname="com.trainer.scripts.AdminInvalidLoginTestClass" name="verifyLogin" time="10.225"/>
  <system-out/>
</testsuite> <!-- com.trainer.scripts.AdminInvalidLoginTestClass -->
