<?xml version="1.0" encoding="UTF-8"?>
<!-- Generated by org.testng.reporters.JUnitReportReporter -->
<testsuite hostname="LAPTOP-FHVAAITT" failures="0" tests="1" name="com.trainer.scripts.AbleToClickSignUpLinkTestClass" time="5.581" errors="0" timestamp="2022-03-17T21:20:42 IST" skipped="0">
  <testcase classname="com.trainer.scripts.AbleToClickSignUpLinkTestClass" name="ableToClkLink" time="5.581"/>
  <system-out/>
</testsuite> <!-- com.trainer.scripts.AbleToClickSignUpLinkTestClass -->
