<?xml version="1.0" encoding="UTF-8"?>
<!-- Generated by org.testng.reporters.JUnitReportReporter -->
<testsuite hostname="LAPTOP-FHVAAITT" failures="0" tests="1" name="com.trainer.scripts.AbleToClickLoginLinkTestClass" time="7.398" errors="0" timestamp="2022-03-18T07:26:19 IST" skipped="0">
  <testcase classname="com.trainer.scripts.AbleToClickLoginLinkTestClass" name="ableToClkLink" time="7.398"/>
  <system-out/>
</testsuite> <!-- com.trainer.scripts.AbleToClickLoginLinkTestClass -->
