<?xml version="1.0" encoding="UTF-8"?>
<!-- Generated by org.testng.reporters.JUnitReportReporter -->
<testsuite hostname="LAPTOP-FHVAAITT" failures="0" tests="1" name="com.trainer.scripts.ValidationNameTestcase" time="9.217" errors="0" timestamp="2022-03-11T21:44:17 IST" skipped="0">
  <testcase classname="com.trainer.scripts.ValidationNameTestcase" name="ableToSignUp" time="9.217"/>
  <system-out/>
</testsuite> <!-- com.trainer.scripts.ValidationNameTestcase -->
