<?xml version="1.0" encoding="UTF-8"?>
<!-- Generated by org.testng.reporters.JUnitReportReporter -->
<testsuite hostname="LAPTOP-FHVAAITT" failures="0" tests="1" name="com.trainer.scripts.AbleToClickAllocateLinkTestClass" time="17.296" errors="0" timestamp="2022-03-20T13:08:48 IST" skipped="0">
  <testcase classname="com.trainer.scripts.AbleToClickAllocateLinkTestClass" name="ableToClkLink" time="17.296"/>
  <system-out/>
</testsuite> <!-- com.trainer.scripts.AbleToClickAllocateLinkTestClass -->
