<?xml version="1.0" encoding="UTF-8"?>
<!-- Generated by org.testng.reporters.JUnitReportReporter -->
<testsuite hostname="LAPTOP-FHVAAITT" failures="0" tests="1" name="com.trainer.scripts.AdminAbleToAllocateTestClass" time="43.323" errors="0" timestamp="2022-03-10T17:05:51 IST" skipped="0">
  <testcase classname="com.trainer.scripts.AdminAbleToAllocateTestClass" name="logout" time="43.323"/>
  <system-out/>
</testsuite> <!-- com.trainer.scripts.AdminAbleToAllocateTestClass -->
