<?xml version="1.0" encoding="UTF-8"?>
<!-- Generated by org.testng.reporters.JUnitReportReporter -->
<testsuite hostname="LAPTOP-FHVAAITT" failures="0" tests="1" name="com.trainer.scripts.TrainerTestClass" time="13.807" errors="0" timestamp="2022-03-16T19:37:56 IST" skipped="0">
  <testcase classname="com.trainer.scripts.TrainerTestClass" name="login" time="13.807"/>
  <system-out/>
</testsuite> <!-- com.trainer.scripts.TrainerTestClass -->
