<?xml version="1.0" encoding="UTF-8"?>
<!-- Generated by org.testng.reporters.JUnitReportReporter -->
<testsuite hostname="LAPTOP-FHVAAITT" failures="0" tests="1" name="com.trainer.scripts.TrainerValidLoginTestClass" time="17.259" errors="0" timestamp="2022-03-08T23:15:40 IST" skipped="0">
  <testcase classname="com.trainer.scripts.TrainerValidLoginTestClass" name="verifyLogin" time="17.259"/>
  <system-out/>
</testsuite> <!-- com.trainer.scripts.TrainerValidLoginTestClass -->
