<?xml version="1.0" encoding="UTF-8"?>
<!-- Generated by org.testng.reporters.JUnitReportReporter -->
<testsuite hostname="LAPTOP-FHVAAITT" failures="0" tests="1" name="com.trainer.scripts.AbleToRejectTestClass" time="25.728" errors="0" timestamp="2022-03-09T21:05:27 IST" skipped="0">
  <testcase classname="com.trainer.scripts.AbleToRejectTestClass" name="ableToClkLink" time="25.728"/>
  <system-out/>
</testsuite> <!-- com.trainer.scripts.AbleToRejectTestClass -->
